<?xml version="1.0" encoding="UTF-8"?>
<testsuite xmlns:xsi="http://www.w3.org/2001/XMLSchema-instance" xsi:noNamespaceSchemaLocation="https://maven.apache.org/surefire/maven-surefire-plugin/xsd/surefire-test-report-3.0.xsd" version="3.0" name="org.example.CalcTest" time="0.013" tests="1" errors="0" skipped="0" failures="0">
  <properties>
    <property name="sun.desktop" value="windows"/>
    <property name="awt.toolkit" value="sun.awt.windows.WToolkit"/>
    <property name="java.specification.version" value="11"/>
    <property name="sun.cpu.isalist" value="amd64"/>
    <property name="sun.jnu.encoding" value="GBK"/>
    <property name="java.class.path" value="D:\159251\week5\tutorial4\target\test-classes;D:\159251\week5\tutorial4\target\classes;E:\DevelopTools\maven\repository\org\junit\jupiter\junit-jupiter-engine\5.4.0\junit-jupiter-engine-5.4.0.jar;E:\DevelopTools\maven\repository\org\apiguardian\apiguardian-api\1.0.0\apiguardian-api-1.0.0.jar;E:\DevelopTools\maven\repository\org\junit\platform\junit-platform-engine\1.4.0\junit-platform-engine-1.4.0.jar;E:\DevelopTools\maven\repository\org\opentest4j\opentest4j\1.1.1\opentest4j-1.1.1.jar;E:\DevelopTools\maven\repository\org\junit\platform\junit-platform-commons\1.4.0\junit-platform-commons-1.4.0.jar;E:\DevelopTools\maven\repository\org\junit\jupiter\junit-jupiter-api\5.4.0\junit-jupiter-api-5.4.0.jar;E:\DevelopTools\maven\repository\org\junit\jupiter\junit-jupiter\5.10.0\junit-jupiter-5.10.0.jar;E:\DevelopTools\maven\repository\org\junit\jupiter\junit-jupiter-params\5.10.0\junit-jupiter-params-5.10.0.jar;E:\DevelopTools\maven\repository\org\testng\testng\7.8.0\testng-7.8.0.jar;E:\DevelopTools\maven\repository\org\slf4j\slf4j-api\1.7.36\slf4j-api-1.7.36.jar;E:\DevelopTools\maven\repository\com\beust\jcommander\1.82\jcommander-1.82.jar;E:\DevelopTools\maven\repository\org\webjars\jquery\3.6.1\jquery-3.6.1.jar;"/>
    <property name="java.vm.vendor" value="Oracle Corporation"/>
    <property name="sun.arch.data.model" value="64"/>
    <property name="user.variant" value=""/>
    <property name="java.vendor.url" value="https://openjdk.java.net/"/>
    <property name="user.timezone" value="Asia/Shanghai"/>
    <property name="java.vm.specification.version" value="11"/>
    <property name="os.name" value="Windows 10"/>
    <property name="sun.java.launcher" value="SUN_STANDARD"/>
    <property name="user.country" value="CN"/>
    <property name="sun.boot.library.path" value="C:\Program Files\Java\jdk-11\bin"/>
    <property name="sun.java.command" value="D:\tmp\surefire14515946479690623334\surefirebooter14706174548639470906.jar D:\tmp\surefire14515946479690623334 2023-09-28T19-32-27_647-jvmRun1 surefire415784095146498700tmp surefire_010768037637769805065tmp"/>
    <property name="jdk.debug" value="release"/>
    <property name="surefire.test.class.path" value="D:\159251\week5\tutorial4\target\test-classes;D:\159251\week5\tutorial4\target\classes;E:\DevelopTools\maven\repository\org\junit\jupiter\junit-jupiter-engine\5.4.0\junit-jupiter-engine-5.4.0.jar;E:\DevelopTools\maven\repository\org\apiguardian\apiguardian-api\1.0.0\apiguardian-api-1.0.0.jar;E:\DevelopTools\maven\repository\org\junit\platform\junit-platform-engine\1.4.0\junit-platform-engine-1.4.0.jar;E:\DevelopTools\maven\repository\org\opentest4j\opentest4j\1.1.1\opentest4j-1.1.1.jar;E:\DevelopTools\maven\repository\org\junit\platform\junit-platform-commons\1.4.0\junit-platform-commons-1.4.0.jar;E:\DevelopTools\maven\repository\org\junit\jupiter\junit-jupiter-api\5.4.0\junit-jupiter-api-5.4.0.jar;E:\DevelopTools\maven\repository\org\junit\jupiter\junit-jupiter\5.10.0\junit-jupiter-5.10.0.jar;E:\DevelopTools\maven\repository\org\junit\jupiter\junit-jupiter-params\5.10.0\junit-jupiter-params-5.10.0.jar;E:\DevelopTools\maven\repository\org\testng\testng\7.8.0\testng-7.8.0.jar;E:\DevelopTools\maven\repository\org\slf4j\slf4j-api\1.7.36\slf4j-api-1.7.36.jar;E:\DevelopTools\maven\repository\com\beust\jcommander\1.82\jcommander-1.82.jar;E:\DevelopTools\maven\repository\org\webjars\jquery\3.6.1\jquery-3.6.1.jar;"/>
    <property name="sun.cpu.endian" value="little"/>
    <property name="user.home" value="C:\Users\Chen02"/>
    <property name="user.language" value="zh"/>
    <property name="java.specification.vendor" value="Oracle Corporation"/>
    <property name="java.version.date" value="2023-04-18"/>
    <property name="java.home" value="C:\Program Files\Java\jdk-11"/>
    <property name="file.separator" value="\"/>
    <property name="basedir" value="D:\159251\week5\tutorial4"/>
    <property name="java.vm.compressedOopsMode" value="Zero based"/>
    <property name="line.separator" value="&#10;"/>
    <property name="java.specification.name" value="Java Platform API Specification"/>
    <property name="java.vm.specification.vendor" value="Oracle Corporation"/>
    <property name="java.awt.graphicsenv" value="sun.awt.Win32GraphicsEnvironment"/>
    <property name="surefire.real.class.path" value="D:\tmp\surefire14515946479690623334\surefirebooter14706174548639470906.jar"/>
    <property name="user.script" value=""/>
    <property name="sun.management.compiler" value="HotSpot 64-Bit Tiered Compilers"/>
    <property name="java.runtime.version" value="11.0.19+9-LTS-224"/>
    <property name="user.name" value="Chen02"/>
    <property name="path.separator" value=";"/>
    <property name="os.version" value="10.0"/>
    <property name="java.runtime.name" value="Java(TM) SE Runtime Environment"/>
    <property name="file.encoding" value="GBK"/>
    <property name="java.vm.name" value="Java HotSpot(TM) 64-Bit Server VM"/>
    <property name="java.vendor.version" value="18.9"/>
    <property name="localRepository" value="E:\DevelopTools\maven\repository"/>
    <property name="java.vendor.url.bug" value="https://bugreport.java.com/bugreport/"/>
    <property name="java.io.tmpdir" value="D:\tmp\"/>
    <property name="java.version" value="11.0.19"/>
    <property name="user.dir" value="D:\159251\week5\tutorial4"/>
    <property name="os.arch" value="amd64"/>
    <property name="java.vm.specification.name" value="Java Virtual Machine Specification"/>
    <property name="java.awt.printerjob" value="sun.awt.windows.WPrinterJob"/>
    <property name="sun.os.patch.level" value=""/>
    <property name="java.library.path" value="C:\Program Files\Java\jdk-11\bin;C:\Windows\Sun\Java\bin;C:\Windows\system32;C:\Windows;C:\Program Files\Common Files\Oracle\Java\javapath;C:\Program Files (x86)\VMware\VMware Workstation\bin\;C:\Program Files\NVIDIA GPU Computing Toolkit\CUDA\v11.8\bin;C:\Program Files\NVIDIA GPU Computing Toolkit\CUDA\v11.8\libnvvp;C:\Program Files (x86)\Common Files\Intel\Shared Libraries\redist\intel64_win\compiler;C:\Program Files (x86)\Common Files\Intel\Shared Libraries\redist\intel64\compiler;C:\Program Files (x86)\Common Files\Oracle\Java\javapath;C:\Windows\system32;C:\Windows;C:\Windows\System32\Wbem;C:\Windows\System32\WindowsPowerShell\v1.0\;C:\Windows\System32\OpenSSH\;C:\Program Files (x86)\NVIDIA Corporation\PhysX\Common;C:\Program Files\NVIDIA Corporation\NVIDIA NvDLISR;C:\Program Files\TortoiseGit\bin;C:\Program Files (x86)\Windows Kits\8.1\Windows Performance Toolkit\;C:\Program Files\Microsoft SQL Server\110\Tools\Binn\C:\Program Files\Java\jre1.8.0_291\bin;C:\Program Files\Java\jre1.8.0_291\jre\bin;C:\Program Files\dotnet\;D:\weixinkaifa\微信web开发者工具\dll;D:\pyt;on\op;C:\Program Files\NVIDIA Corporation\Nsight Compute 2022.3.0\;E:\MATLABR2020a\runtime\win64;E:\MATLABR2020a\bin;E:\MATLABR2020a\polyspace\bin;E:\LINGO12\;E:\mysql\mysql-8.0.20-winx64\bin;D:\mingw64\bin;E:\DevelopTools\maven\apache-maven-3.8.6\bin;C:\Program Files\nodejs\;C:\Program Files\Java\jdk1.8.0_152\bin;D:\MinTex\miktex\bin\x64\;C:\Program Files\Git\cmd;E:\DevelopTools\maven\apache-maven-3.6.3\bin;C:\Program Files\Java\jdk-11\bin;C:\Program Files\Java\jdk1.8.0_152\bin;D:\python\conda;D:\python\conda\Library\mingw-w64\bin;D:\python\conda\Library\usr\bin;D:\python\conda\Library\bin;D:\python\conda\Scripts;C:\Program Files\MySQL\MySQL Shell 8.0\bin\;D:\AnaIns\minians;D:\AnaIns\minians\Library\mingw-w64\bin;D:\AnaIns\minians\Library\usr\bin;D:\AnaIns\minians\Library\bin;D:\AnaIns\minians\Scripts;D:\AnaIns\Anaconda;D:\AnaIns\Anaconda\Library\mingw-w64\bin;D:\AnaIns\Anaconda\Library\usr\bin;D:\AnaIns\Anaconda\Library\bin;D:\AnaIns\Anaconda\Scripts;C:\Users\Chen02\AppData\Local\Programs\Python\Python37\Scripts\;C:\Users\Chen02\AppData\Local\Programs\Python\Python37\;C:\Users\Chen02\AppData\Local\Programs\Python\Python37-32\Scripts\;C:\Users\Chen02\AppData\Local\Programs\Python\Python37-32\;C:\Users\Chen02\AppData\Local\Microsoft\WindowsApps;D:\IDEA\IntelliJ IDEA 2019.2.4\bin;;D:\python\PyCharm Community Edition 2021.3.3\bin;;D:\python\PyCharm 2022.1.3\bin;;C:\Users\Chen02\.dotnet\tools;D:\latex\texlive\2022\bin\win32;D:\Clion\CLion 2022.3.2\bin;;D:\VScode\Microsoft VS Code\bin;C:\Windows\System32\cmd.exe;C:\Program Files\Java\jdk1.8.0_152\bin;C:\Program Files\Java\jdk1.8.0_152\jre\bin;C:\Users\Chen02\AppData\Roaming\npm;E:\DevelopTools\apache-jmeter-5.0\lib\ext\ApacheJMeter_core.jar;E:\DevelopTools\apache-jmeter-5.0\lib\jorphan.jar;;."/>
    <property name="java.vendor" value="Oracle Corporation"/>
    <property name="java.vm.info" value="mixed mode"/>
    <property name="java.vm.version" value="11.0.19+9-LTS-224"/>
    <property name="sun.io.unicode.encoding" value="UnicodeLittle"/>
    <property name="java.class.version" value="55.0"/>
  </properties>
  <testcase name="testAddition" classname="org.example.CalcTest" time="0.009"/>
</testsuite>